app/build/intermediates/manifest_merge_blame_file/release/processReleaseMainManifest/manifest-merger-blame-release-report.txt
1<?xml version="1.0" encoding="utf-8"?>
2<manifest xmlns:android="http://schemas.android.com/apk/res/android"
3    package="com.example.localmarkettracker"
4    android:versionCode="2"
5    android:versionName="1.1" >
6
7    <uses-sdk
8        android:minSdkVersion="23"
9        android:targetSdkVersion="34" />
10
11    <uses-permission android:name="android.permission.INTERNET" />
11-->src\main\AndroidManifest.xml:4:5-67
11-->src\main\AndroidManifest.xml:4:22-64
12    <uses-permission android:name="android.permission.ACCESS_FINE_LOCATION" />
12-->src\main\AndroidManifest.xml:5:5-79
12-->src\main\AndroidManifest.xml:5:22-76
13    <uses-permission android:name="android.permission.ACCESS_COARSE_LOCATION" />
13-->src\main\AndroidManifest.xml:6:5-81
13-->src\main\AndroidManifest.xml:6:22-78
14
15    <uses-feature
15-->src\main\AndroidManifest.xml:8:5-90
16        android:name="android.hardware.location.gps"
16-->src\main\AndroidManifest.xml:8:19-63
17        android:required="false" />
17-->src\main\AndroidManifest.xml:8:64-88
18
19    <!-- Include required permissions for Google Maps API to run. -->
20    <uses-permission android:name="android.permission.ACCESS_NETWORK_STATE" />
20-->[com.google.android.gms:play-services-maps:18.2.0] AndroidManifest.xml:23:5-79
20-->[com.google.android.gms:play-services-maps:18.2.0] AndroidManifest.xml:23:22-76
21
22    <uses-feature
22-->[com.google.android.gms:play-services-maps:18.2.0] AndroidManifest.xml:26:5-28:35
23        android:glEsVersion="0x00020000"
23-->[com.google.android.gms:play-services-maps:18.2.0] AndroidManifest.xml:27:9-41
24        android:required="true" />
24-->[com.google.android.gms:play-services-maps:18.2.0] AndroidManifest.xml:28:9-32
25
26    <queries>
26-->[com.google.android.gms:play-services-maps:18.2.0] AndroidManifest.xml:30:5-34:15
27
28        <!-- Needs to be explicitly declared on Android R+ -->
29        <package android:name="com.google.android.apps.maps" />
29-->[com.google.android.gms:play-services-maps:18.2.0] AndroidManifest.xml:33:9-64
29-->[com.google.android.gms:play-services-maps:18.2.0] AndroidManifest.xml:33:18-61
30    </queries>
31
32    <uses-permission android:name="android.permission.POST_NOTIFICATIONS" />
32-->[com.google.firebase:firebase-messaging:24.1.0] AndroidManifest.xml:23:5-77
32-->[com.google.firebase:firebase-messaging:24.1.0] AndroidManifest.xml:23:22-74
33    <uses-permission android:name="android.permission.WAKE_LOCK" /> <!-- Required by older versions of Google Play services to create IID tokens -->
33-->[com.google.firebase:firebase-messaging:24.1.0] AndroidManifest.xml:24:5-68
33-->[com.google.firebase:firebase-messaging:24.1.0] AndroidManifest.xml:24:22-65
34    <uses-permission android:name="com.google.android.c2dm.permission.RECEIVE" />
34-->[com.google.firebase:firebase-messaging:24.1.0] AndroidManifest.xml:26:5-82
34-->[com.google.firebase:firebase-messaging:24.1.0] AndroidManifest.xml:26:22-79
35    <uses-permission android:name="com.google.android.providers.gsf.permission.READ_GSERVICES" />
35-->[com.google.android.recaptcha:recaptcha:18.5.1] AndroidManifest.xml:9:5-98
35-->[com.google.android.recaptcha:recaptcha:18.5.1] AndroidManifest.xml:9:22-95
36
37    <permission
37-->[androidx.core:core:1.13.1] AndroidManifest.xml:22:5-24:47
38        android:name="com.example.localmarkettracker.DYNAMIC_RECEIVER_NOT_EXPORTED_PERMISSION"
38-->[androidx.core:core:1.13.1] AndroidManifest.xml:23:9-81
39        android:protectionLevel="signature" />
39-->[androidx.core:core:1.13.1] AndroidManifest.xml:24:9-44
40
41    <uses-permission android:name="com.example.localmarkettracker.DYNAMIC_RECEIVER_NOT_EXPORTED_PERMISSION" />
41-->[androidx.core:core:1.13.1] AndroidManifest.xml:26:5-97
41-->[androidx.core:core:1.13.1] AndroidManifest.xml:26:22-94
42
43    <application
43-->src\main\AndroidManifest.xml:10:5-47:19
44        android:allowBackup="true"
44-->src\main\AndroidManifest.xml:11:9-35
45        android:appComponentFactory="androidx.core.app.CoreComponentFactory"
45-->[androidx.core:core:1.13.1] AndroidManifest.xml:28:18-86
46        android:extractNativeLibs="false"
47        android:icon="@mipmap/ic_launcher"
47-->src\main\AndroidManifest.xml:14:9-43
48        android:label="@string/app_name"
48-->src\main\AndroidManifest.xml:13:9-41
49        android:roundIcon="@mipmap/ic_launcher_round"
49-->src\main\AndroidManifest.xml:15:9-54
50        android:supportsRtl="true"
50-->src\main\AndroidManifest.xml:12:9-35
51        android:theme="@style/Theme.LocalMarketTracker" >
51-->src\main\AndroidManifest.xml:16:9-56
52        <meta-data
52-->src\main\AndroidManifest.xml:18:9-20:55
53            android:name="com.google.android.geo.API_KEY"
53-->src\main\AndroidManifest.xml:19:13-58
54            android:value="@string/google_maps_key" />
54-->src\main\AndroidManifest.xml:20:13-52
55
56        <activity
56-->src\main\AndroidManifest.xml:22:9-30:20
57            android:name="com.example.localmarkettracker.activities.SplashActivity"
57-->src\main\AndroidManifest.xml:23:13-84
58            android:exported="true"
58-->src\main\AndroidManifest.xml:24:13-36
59            android:theme="@style/Theme.LocalMarketTracker" >
59-->src\main\AndroidManifest.xml:25:13-60
60            <intent-filter>
60-->src\main\AndroidManifest.xml:26:13-29:29
61                <action android:name="android.intent.action.MAIN" />
61-->src\main\AndroidManifest.xml:27:17-69
61-->src\main\AndroidManifest.xml:27:25-66
62
63                <category android:name="android.intent.category.LAUNCHER" />
63-->src\main\AndroidManifest.xml:28:17-77
63-->src\main\AndroidManifest.xml:28:27-74
64            </intent-filter>
65        </activity>
66        <activity
66-->src\main\AndroidManifest.xml:32:9-117
67            android:name="com.example.localmarkettracker.activities.LoginActivity"
67-->src\main\AndroidManifest.xml:32:19-89
68            android:exported="false" />
68-->src\main\AndroidManifest.xml:32:90-114
69        <activity
69-->src\main\AndroidManifest.xml:33:9-118
70            android:name="com.example.localmarkettracker.activities.SignupActivity"
70-->src\main\AndroidManifest.xml:33:19-90
71            android:exported="false" />
71-->src\main\AndroidManifest.xml:33:91-115
72        <activity
72-->src\main\AndroidManifest.xml:34:9-126
73            android:name="com.example.localmarkettracker.activities.ForgotPasswordActivity"
73-->src\main\AndroidManifest.xml:34:19-98
74            android:exported="false" />
74-->src\main\AndroidManifest.xml:34:99-123
75        <activity
75-->src\main\AndroidManifest.xml:35:9-116
76            android:name="com.example.localmarkettracker.activities.MainActivity"
76-->src\main\AndroidManifest.xml:35:19-88
77            android:exported="false" />
77-->src\main\AndroidManifest.xml:35:89-113
78        <activity
78-->src\main\AndroidManifest.xml:36:9-120
79            android:name="com.example.localmarkettracker.activities.AddPriceActivity"
79-->src\main\AndroidManifest.xml:36:19-92
80            android:exported="false" />
80-->src\main\AndroidManifest.xml:36:93-117
81        <activity
81-->src\main\AndroidManifest.xml:37:9-124
82            android:name="com.example.localmarkettracker.activities.MarketDetailActivity"
82-->src\main\AndroidManifest.xml:37:19-96
83            android:exported="false" />
83-->src\main\AndroidManifest.xml:37:97-121
84        <activity
84-->src\main\AndroidManifest.xml:38:9-126
85            android:name="com.example.localmarkettracker.activities.AdminDashboardActivity"
85-->src\main\AndroidManifest.xml:38:19-98
86            android:exported="false" />
86-->src\main\AndroidManifest.xml:38:99-123
87        <activity
87-->src\main\AndroidManifest.xml:39:9-115
88            android:name="com.example.localmarkettracker.activities.MapActivity"
88-->src\main\AndroidManifest.xml:39:19-87
89            android:exported="false" />
89-->src\main\AndroidManifest.xml:39:88-112
90        <activity
90-->src\main\AndroidManifest.xml:40:9-119
91            android:name="com.example.localmarkettracker.activities.ProfileActivity"
91-->src\main\AndroidManifest.xml:40:19-91
92            android:exported="false" />
92-->src\main\AndroidManifest.xml:40:92-116
93        <activity
93-->src\main\AndroidManifest.xml:41:9-120
94            android:name="com.example.localmarkettracker.activities.ItemListActivity"
94-->src\main\AndroidManifest.xml:41:19-92
95            android:exported="false" />
95-->src\main\AndroidManifest.xml:41:93-117
96        <activity
96-->src\main\AndroidManifest.xml:42:9-123
97            android:name="com.example.localmarkettracker.activities.ItemDetailsActivity"
97-->src\main\AndroidManifest.xml:42:19-95
98            android:exported="false" />
98-->src\main\AndroidManifest.xml:42:96-120
99        <activity
99-->src\main\AndroidManifest.xml:43:9-121
100            android:name="com.example.localmarkettracker.activities.AnalyticsActivity"
100-->src\main\AndroidManifest.xml:43:19-93
101            android:exported="false" />
101-->src\main\AndroidManifest.xml:43:94-118
102        <activity
102-->src\main\AndroidManifest.xml:45:9-123
103            android:name="com.example.localmarkettracker.activities.EditProfileActivity"
103-->src\main\AndroidManifest.xml:45:19-95
104            android:exported="false" />
104-->src\main\AndroidManifest.xml:45:96-120
105
106        <!-- Needs to be explicitly declared on P+ -->
107        <uses-library
107-->[com.google.android.gms:play-services-maps:18.2.0] AndroidManifest.xml:39:9-41:40
108            android:name="org.apache.http.legacy"
108-->[com.google.android.gms:play-services-maps:18.2.0] AndroidManifest.xml:40:13-50
109            android:required="false" />
109-->[com.google.android.gms:play-services-maps:18.2.0] AndroidManifest.xml:41:13-37
110
111        <activity
111-->[com.google.firebase:firebase-auth:23.1.0] AndroidManifest.xml:29:9-46:20
112            android:name="com.google.firebase.auth.internal.GenericIdpActivity"
112-->[com.google.firebase:firebase-auth:23.1.0] AndroidManifest.xml:30:13-80
113            android:excludeFromRecents="true"
113-->[com.google.firebase:firebase-auth:23.1.0] AndroidManifest.xml:31:13-46
114            android:exported="true"
114-->[com.google.firebase:firebase-auth:23.1.0] AndroidManifest.xml:32:13-36
115            android:launchMode="singleTask"
115-->[com.google.firebase:firebase-auth:23.1.0] AndroidManifest.xml:33:13-44
116            android:theme="@android:style/Theme.Translucent.NoTitleBar" >
116-->[com.google.firebase:firebase-auth:23.1.0] AndroidManifest.xml:34:13-72
117            <intent-filter>
117-->[com.google.firebase:firebase-auth:23.1.0] AndroidManifest.xml:35:13-45:29
118                <action android:name="android.intent.action.VIEW" />
118-->[com.google.firebase:firebase-auth:23.1.0] AndroidManifest.xml:36:17-69
118-->[com.google.firebase:firebase-auth:23.1.0] AndroidManifest.xml:36:25-66
119
120                <category android:name="android.intent.category.DEFAULT" />
120-->[com.google.firebase:firebase-auth:23.1.0] AndroidManifest.xml:38:17-76
120-->[com.google.firebase:firebase-auth:23.1.0] AndroidManifest.xml:38:27-73
121                <category android:name="android.intent.category.BROWSABLE" />
121-->[com.google.firebase:firebase-auth:23.1.0] AndroidManifest.xml:39:17-78
121-->[com.google.firebase:firebase-auth:23.1.0] AndroidManifest.xml:39:27-75
122
123                <data
123-->[com.google.firebase:firebase-auth:23.1.0] AndroidManifest.xml:41:17-44:51
124                    android:host="firebase.auth"
124-->[com.google.firebase:firebase-auth:23.1.0] AndroidManifest.xml:42:21-49
125                    android:path="/"
125-->[com.google.firebase:firebase-auth:23.1.0] AndroidManifest.xml:43:21-37
126                    android:scheme="genericidp" />
126-->[com.google.firebase:firebase-auth:23.1.0] AndroidManifest.xml:44:21-48
127            </intent-filter>
128        </activity>
129        <activity
129-->[com.google.firebase:firebase-auth:23.1.0] AndroidManifest.xml:47:9-64:20
130            android:name="com.google.firebase.auth.internal.RecaptchaActivity"
130-->[com.google.firebase:firebase-auth:23.1.0] AndroidManifest.xml:48:13-79
131            android:excludeFromRecents="true"
131-->[com.google.firebase:firebase-auth:23.1.0] AndroidManifest.xml:49:13-46
132            android:exported="true"
132-->[com.google.firebase:firebase-auth:23.1.0] AndroidManifest.xml:50:13-36
133            android:launchMode="singleTask"
133-->[com.google.firebase:firebase-auth:23.1.0] AndroidManifest.xml:51:13-44
134            android:theme="@android:style/Theme.Translucent.NoTitleBar" >
134-->[com.google.firebase:firebase-auth:23.1.0] AndroidManifest.xml:52:13-72
135            <intent-filter>
135-->[com.google.firebase:firebase-auth:23.1.0] AndroidManifest.xml:53:13-63:29
136                <action android:name="android.intent.action.VIEW" />
136-->[com.google.firebase:firebase-auth:23.1.0] AndroidManifest.xml:36:17-69
136-->[com.google.firebase:firebase-auth:23.1.0] AndroidManifest.xml:36:25-66
137
138                <category android:name="android.intent.category.DEFAULT" />
138-->[com.google.firebase:firebase-auth:23.1.0] AndroidManifest.xml:38:17-76
138-->[com.google.firebase:firebase-auth:23.1.0] AndroidManifest.xml:38:27-73
139                <category android:name="android.intent.category.BROWSABLE" />
139-->[com.google.firebase:firebase-auth:23.1.0] AndroidManifest.xml:39:17-78
139-->[com.google.firebase:firebase-auth:23.1.0] AndroidManifest.xml:39:27-75
140
141                <data
141-->[com.google.firebase:firebase-auth:23.1.0] AndroidManifest.xml:41:17-44:51
142                    android:host="firebase.auth"
142-->[com.google.firebase:firebase-auth:23.1.0] AndroidManifest.xml:42:21-49
143                    android:path="/"
143-->[com.google.firebase:firebase-auth:23.1.0] AndroidManifest.xml:43:21-37
144                    android:scheme="recaptcha" />
144-->[com.google.firebase:firebase-auth:23.1.0] AndroidManifest.xml:44:21-48
145            </intent-filter>
146        </activity>
147
148        <service
148-->[com.google.firebase:firebase-auth:23.1.0] AndroidManifest.xml:66:9-72:19
149            android:name="com.google.firebase.components.ComponentDiscoveryService"
149-->[com.google.firebase:firebase-auth:23.1.0] AndroidManifest.xml:67:13-84
150            android:directBootAware="true"
150-->[com.google.firebase:firebase-common:21.0.0] AndroidManifest.xml:32:13-43
151            android:exported="false" >
151-->[com.google.firebase:firebase-auth:23.1.0] AndroidManifest.xml:68:13-37
152            <meta-data
152-->[com.google.firebase:firebase-auth:23.1.0] AndroidManifest.xml:69:13-71:85
153                android:name="com.google.firebase.components:com.google.firebase.auth.FirebaseAuthRegistrar"
153-->[com.google.firebase:firebase-auth:23.1.0] AndroidManifest.xml:70:17-109
154                android:value="com.google.firebase.components.ComponentRegistrar" />
154-->[com.google.firebase:firebase-auth:23.1.0] AndroidManifest.xml:71:17-82
155            <meta-data
155-->[com.google.firebase:firebase-firestore:25.1.1] AndroidManifest.xml:17:13-19:85
156                android:name="com.google.firebase.components:com.google.firebase.firestore.FirebaseFirestoreKtxRegistrar"
156-->[com.google.firebase:firebase-firestore:25.1.1] AndroidManifest.xml:18:17-122
157                android:value="com.google.firebase.components.ComponentRegistrar" />
157-->[com.google.firebase:firebase-firestore:25.1.1] AndroidManifest.xml:19:17-82
158            <meta-data
158-->[com.google.firebase:firebase-firestore:25.1.1] AndroidManifest.xml:20:13-22:85
159                android:name="com.google.firebase.components:com.google.firebase.firestore.FirestoreRegistrar"
159-->[com.google.firebase:firebase-firestore:25.1.1] AndroidManifest.xml:21:17-111
160                android:value="com.google.firebase.components.ComponentRegistrar" />
160-->[com.google.firebase:firebase-firestore:25.1.1] AndroidManifest.xml:22:17-82
161            <meta-data
161-->[com.google.firebase:firebase-messaging:24.1.0] AndroidManifest.xml:57:13-59:85
162                android:name="com.google.firebase.components:com.google.firebase.messaging.FirebaseMessagingKtxRegistrar"
162-->[com.google.firebase:firebase-messaging:24.1.0] AndroidManifest.xml:58:17-122
163                android:value="com.google.firebase.components.ComponentRegistrar" />
163-->[com.google.firebase:firebase-messaging:24.1.0] AndroidManifest.xml:59:17-82
164            <meta-data
164-->[com.google.firebase:firebase-messaging:24.1.0] AndroidManifest.xml:60:13-62:85
165                android:name="com.google.firebase.components:com.google.firebase.messaging.FirebaseMessagingRegistrar"
165-->[com.google.firebase:firebase-messaging:24.1.0] AndroidManifest.xml:61:17-119
166                android:value="com.google.firebase.components.ComponentRegistrar" />
166-->[com.google.firebase:firebase-messaging:24.1.0] AndroidManifest.xml:62:17-82
167            <meta-data
167-->[com.google.firebase:firebase-storage:21.0.1] AndroidManifest.xml:30:13-32:85
168                android:name="com.google.firebase.components:com.google.firebase.storage.FirebaseStorageKtxRegistrar"
168-->[com.google.firebase:firebase-storage:21.0.1] AndroidManifest.xml:31:17-118
169                android:value="com.google.firebase.components.ComponentRegistrar" />
169-->[com.google.firebase:firebase-storage:21.0.1] AndroidManifest.xml:32:17-82
170            <meta-data
170-->[com.google.firebase:firebase-storage:21.0.1] AndroidManifest.xml:33:13-35:85
171                android:name="com.google.firebase.components:com.google.firebase.storage.StorageRegistrar"
171-->[com.google.firebase:firebase-storage:21.0.1] AndroidManifest.xml:34:17-107
172                android:value="com.google.firebase.components.ComponentRegistrar" />
172-->[com.google.firebase:firebase-storage:21.0.1] AndroidManifest.xml:35:17-82
173            <meta-data
173-->[com.google.firebase:firebase-database:21.0.0] AndroidManifest.xml:29:13-31:85
174                android:name="com.google.firebase.components:com.google.firebase.database.FirebaseDatabaseKtxRegistrar"
174-->[com.google.firebase:firebase-database:21.0.0] AndroidManifest.xml:30:17-120
175                android:value="com.google.firebase.components.ComponentRegistrar" />
175-->[com.google.firebase:firebase-database:21.0.0] AndroidManifest.xml:31:17-82
176            <meta-data
176-->[com.google.firebase:firebase-database:21.0.0] AndroidManifest.xml:32:13-34:85
177                android:name="com.google.firebase.components:com.google.firebase.database.DatabaseRegistrar"
177-->[com.google.firebase:firebase-database:21.0.0] AndroidManifest.xml:33:17-109
178                android:value="com.google.firebase.components.ComponentRegistrar" />
178-->[com.google.firebase:firebase-database:21.0.0] AndroidManifest.xml:34:17-82
179            <meta-data
179-->[com.google.firebase:firebase-appcheck:18.0.0] AndroidManifest.xml:25:13-27:85
180                android:name="com.google.firebase.components:com.google.firebase.appcheck.FirebaseAppCheckKtxRegistrar"
180-->[com.google.firebase:firebase-appcheck:18.0.0] AndroidManifest.xml:26:17-120
181                android:value="com.google.firebase.components.ComponentRegistrar" />
181-->[com.google.firebase:firebase-appcheck:18.0.0] AndroidManifest.xml:27:17-82
182            <meta-data
182-->[com.google.firebase:firebase-appcheck:18.0.0] AndroidManifest.xml:28:13-30:85
183                android:name="com.google.firebase.components:com.google.firebase.appcheck.FirebaseAppCheckRegistrar"
183-->[com.google.firebase:firebase-appcheck:18.0.0] AndroidManifest.xml:29:17-117
184                android:value="com.google.firebase.components.ComponentRegistrar" />
184-->[com.google.firebase:firebase-appcheck:18.0.0] AndroidManifest.xml:30:17-82
185            <meta-data
185-->[com.google.firebase:firebase-installations:18.0.0] AndroidManifest.xml:15:13-17:85
186                android:name="com.google.firebase.components:com.google.firebase.installations.FirebaseInstallationsKtxRegistrar"
186-->[com.google.firebase:firebase-installations:18.0.0] AndroidManifest.xml:16:17-130
187                android:value="com.google.firebase.components.ComponentRegistrar" />
187-->[com.google.firebase:firebase-installations:18.0.0] AndroidManifest.xml:17:17-82
188            <meta-data
188-->[com.google.firebase:firebase-installations:18.0.0] AndroidManifest.xml:18:13-20:85
189                android:name="com.google.firebase.components:com.google.firebase.installations.FirebaseInstallationsRegistrar"
189-->[com.google.firebase:firebase-installations:18.0.0] AndroidManifest.xml:19:17-127
190                android:value="com.google.firebase.components.ComponentRegistrar" />
190-->[com.google.firebase:firebase-installations:18.0.0] AndroidManifest.xml:20:17-82
191            <meta-data
191-->[com.google.firebase:firebase-common-ktx:21.0.0] AndroidManifest.xml:12:13-14:85
192                android:name="com.google.firebase.components:com.google.firebase.ktx.FirebaseCommonLegacyRegistrar"
192-->[com.google.firebase:firebase-common-ktx:21.0.0] AndroidManifest.xml:13:17-116
193                android:value="com.google.firebase.components.ComponentRegistrar" />
193-->[com.google.firebase:firebase-common-ktx:21.0.0] AndroidManifest.xml:14:17-82
194            <meta-data
194-->[com.google.firebase:firebase-common:21.0.0] AndroidManifest.xml:35:13-37:85
195                android:name="com.google.firebase.components:com.google.firebase.FirebaseCommonKtxRegistrar"
195-->[com.google.firebase:firebase-common:21.0.0] AndroidManifest.xml:36:17-109
196                android:value="com.google.firebase.components.ComponentRegistrar" />
196-->[com.google.firebase:firebase-common:21.0.0] AndroidManifest.xml:37:17-82
197            <meta-data
197-->[com.google.firebase:firebase-datatransport:18.2.0] AndroidManifest.xml:25:13-27:85
198                android:name="com.google.firebase.components:com.google.firebase.datatransport.TransportRegistrar"
198-->[com.google.firebase:firebase-datatransport:18.2.0] AndroidManifest.xml:26:17-115
199                android:value="com.google.firebase.components.ComponentRegistrar" />
199-->[com.google.firebase:firebase-datatransport:18.2.0] AndroidManifest.xml:27:17-82
200        </service>
201
202        <receiver
202-->[com.google.firebase:firebase-messaging:24.1.0] AndroidManifest.xml:29:9-40:20
203            android:name="com.google.firebase.iid.FirebaseInstanceIdReceiver"
203-->[com.google.firebase:firebase-messaging:24.1.0] AndroidManifest.xml:30:13-78
204            android:exported="true"
204-->[com.google.firebase:firebase-messaging:24.1.0] AndroidManifest.xml:31:13-36
205            android:permission="com.google.android.c2dm.permission.SEND" >
205-->[com.google.firebase:firebase-messaging:24.1.0] AndroidManifest.xml:32:13-73
206            <intent-filter>
206-->[com.google.firebase:firebase-messaging:24.1.0] AndroidManifest.xml:33:13-35:29
207                <action android:name="com.google.android.c2dm.intent.RECEIVE" />
207-->[com.google.firebase:firebase-messaging:24.1.0] AndroidManifest.xml:34:17-81
207-->[com.google.firebase:firebase-messaging:24.1.0] AndroidManifest.xml:34:25-78
208            </intent-filter>
209
210            <meta-data
210-->[com.google.firebase:firebase-messaging:24.1.0] AndroidManifest.xml:37:13-39:40
211                android:name="com.google.android.gms.cloudmessaging.FINISHED_AFTER_HANDLED"
211-->[com.google.firebase:firebase-messaging:24.1.0] AndroidManifest.xml:38:17-92
212                android:value="true" />
212-->[com.google.firebase:firebase-messaging:24.1.0] AndroidManifest.xml:39:17-37
213        </receiver>
214        <!--
215             FirebaseMessagingService performs security checks at runtime,
216             but set to not exported to explicitly avoid allowing another app to call it.
217        -->
218        <service
218-->[com.google.firebase:firebase-messaging:24.1.0] AndroidManifest.xml:46:9-53:19
219            android:name="com.google.firebase.messaging.FirebaseMessagingService"
219-->[com.google.firebase:firebase-messaging:24.1.0] AndroidManifest.xml:47:13-82
220            android:directBootAware="true"
220-->[com.google.firebase:firebase-messaging:24.1.0] AndroidManifest.xml:48:13-43
221            android:exported="false" >
221-->[com.google.firebase:firebase-messaging:24.1.0] AndroidManifest.xml:49:13-37
222            <intent-filter android:priority="-500" >
222-->[com.google.firebase:firebase-messaging:24.1.0] AndroidManifest.xml:50:13-52:29
222-->[com.google.firebase:firebase-messaging:24.1.0] AndroidManifest.xml:50:28-51
223                <action android:name="com.google.firebase.MESSAGING_EVENT" />
223-->[com.google.firebase:firebase-messaging:24.1.0] AndroidManifest.xml:51:17-78
223-->[com.google.firebase:firebase-messaging:24.1.0] AndroidManifest.xml:51:25-75
224            </intent-filter>
225        </service>
226        <service
226-->[androidx.credentials:credentials-play-services-auth:1.2.0-rc01] AndroidManifest.xml:24:9-32:19
227            android:name="androidx.credentials.playservices.CredentialProviderMetadataHolder"
227-->[androidx.credentials:credentials-play-services-auth:1.2.0-rc01] AndroidManifest.xml:25:13-94
228            android:enabled="true"
228-->[androidx.credentials:credentials-play-services-auth:1.2.0-rc01] AndroidManifest.xml:26:13-35
229            android:exported="false" >
229-->[androidx.credentials:credentials-play-services-auth:1.2.0-rc01] AndroidManifest.xml:27:13-37
230            <meta-data
230-->[androidx.credentials:credentials-play-services-auth:1.2.0-rc01] AndroidManifest.xml:29:13-31:104
231                android:name="androidx.credentials.CREDENTIAL_PROVIDER_KEY"
231-->[androidx.credentials:credentials-play-services-auth:1.2.0-rc01] AndroidManifest.xml:30:17-76
232                android:value="androidx.credentials.playservices.CredentialProviderPlayServicesImpl" />
232-->[androidx.credentials:credentials-play-services-auth:1.2.0-rc01] AndroidManifest.xml:31:17-101
233        </service>
234
235        <activity
235-->[androidx.credentials:credentials-play-services-auth:1.2.0-rc01] AndroidManifest.xml:34:9-41:20
236            android:name="androidx.credentials.playservices.HiddenActivity"
236-->[androidx.credentials:credentials-play-services-auth:1.2.0-rc01] AndroidManifest.xml:35:13-76
237            android:configChanges="orientation|screenSize|screenLayout|keyboardHidden"
237-->[androidx.credentials:credentials-play-services-auth:1.2.0-rc01] AndroidManifest.xml:36:13-87
238            android:enabled="true"
238-->[androidx.credentials:credentials-play-services-auth:1.2.0-rc01] AndroidManifest.xml:37:13-35
239            android:exported="false"
239-->[androidx.credentials:credentials-play-services-auth:1.2.0-rc01] AndroidManifest.xml:38:13-37
240            android:fitsSystemWindows="true"
240-->[androidx.credentials:credentials-play-services-auth:1.2.0-rc01] AndroidManifest.xml:39:13-45
241            android:theme="@style/Theme.Hidden" >
241-->[androidx.credentials:credentials-play-services-auth:1.2.0-rc01] AndroidManifest.xml:40:13-48
242        </activity>
243        <activity
243-->[com.google.android.gms:play-services-auth:20.7.0] AndroidManifest.xml:23:9-27:75
244            android:name="com.google.android.gms.auth.api.signin.internal.SignInHubActivity"
244-->[com.google.android.gms:play-services-auth:20.7.0] AndroidManifest.xml:24:13-93
245            android:excludeFromRecents="true"
245-->[com.google.android.gms:play-services-auth:20.7.0] AndroidManifest.xml:25:13-46
246            android:exported="false"
246-->[com.google.android.gms:play-services-auth:20.7.0] AndroidManifest.xml:26:13-37
247            android:theme="@android:style/Theme.Translucent.NoTitleBar" />
247-->[com.google.android.gms:play-services-auth:20.7.0] AndroidManifest.xml:27:13-72
248        <!--
249            Service handling Google Sign-In user revocation. For apps that do not integrate with
250            Google Sign-In, this service will never be started.
251        -->
252        <service
252-->[com.google.android.gms:play-services-auth:20.7.0] AndroidManifest.xml:33:9-37:51
253            android:name="com.google.android.gms.auth.api.signin.RevocationBoundService"
253-->[com.google.android.gms:play-services-auth:20.7.0] AndroidManifest.xml:34:13-89
254            android:exported="true"
254-->[com.google.android.gms:play-services-auth:20.7.0] AndroidManifest.xml:35:13-36
255            android:permission="com.google.android.gms.auth.api.signin.permission.REVOCATION_NOTIFICATION"
255-->[com.google.android.gms:play-services-auth:20.7.0] AndroidManifest.xml:36:13-107
256            android:visibleToInstantApps="true" />
256-->[com.google.android.gms:play-services-auth:20.7.0] AndroidManifest.xml:37:13-48
257
258        <activity
258-->[com.google.android.gms:play-services-base:18.3.0] AndroidManifest.xml:20:9-22:45
259            android:name="com.google.android.gms.common.api.GoogleApiActivity"
259-->[com.google.android.gms:play-services-base:18.3.0] AndroidManifest.xml:20:19-85
260            android:exported="false"
260-->[com.google.android.gms:play-services-base:18.3.0] AndroidManifest.xml:22:19-43
261            android:theme="@android:style/Theme.Translucent.NoTitleBar" />
261-->[com.google.android.gms:play-services-base:18.3.0] AndroidManifest.xml:21:19-78
262
263        <provider
263-->[com.google.firebase:firebase-common:21.0.0] AndroidManifest.xml:23:9-28:39
264            android:name="com.google.firebase.provider.FirebaseInitProvider"
264-->[com.google.firebase:firebase-common:21.0.0] AndroidManifest.xml:24:13-77
265            android:authorities="com.example.localmarkettracker.firebaseinitprovider"
265-->[com.google.firebase:firebase-common:21.0.0] AndroidManifest.xml:25:13-72